d:\work-cloud\isecfastprint\trunk\sourcecode\isecmodulehost\debug\isecmodulehost.pch
d:\work-cloud\isecfastprint\trunk\sourcecode\isecmodulehost\debug\vc140.pdb
d:\work-cloud\isecfastprint\trunk\sourcecode\isecmodulehost\debug\vc140.idb
d:\work-cloud\isecfastprint\trunk\sourcecode\isecmodulehost\debug\stdafx.obj
d:\work-cloud\isecfastprint\trunk\sourcecode\isecmodulehost\debug\autorun.obj
d:\work-cloud\isecfastprint\trunk\sourcecode\isecmodulehost\debug\autorunvista7.obj
d:\work-cloud\isecfastprint\trunk\sourcecode\isecmodulehost\debug\autorunxp2003.obj
d:\work-cloud\isecfastprint\trunk\sourcecode\isecmodulehost\debug\isecmodulehost.obj
d:\work-cloud\isecfastprint\trunk\sourcecode\debug\isecmodulehost.ilk
d:\work-cloud\isecfastprint\trunk\sourcecode\debug\isecmodulehost.exe
d:\work-cloud\isecfastprint\trunk\sourcecode\debug\isecmodulehost.pdb
d:\work-cloud\isecfastprint\trunk\sourcecode\isecmodulehost\debug\isecmodulehost.res
d:\work-cloud\isecfastprint\trunk\sourcecode\isecmodulehost\debug\msxml3.tli
d:\work-cloud\isecfastprint\trunk\sourcecode\isecmodulehost\debug\msxml3.tlh
d:\work-cloud\isecfastprint\trunk\sourcecode\isecmodulehost\debug\isecmodulehost.tlog\cl.command.1.tlog
d:\work-cloud\isecfastprint\trunk\sourcecode\isecmodulehost\debug\isecmodulehost.tlog\cl.read.1.tlog
d:\work-cloud\isecfastprint\trunk\sourcecode\isecmodulehost\debug\isecmodulehost.tlog\cl.write.1.tlog
d:\work-cloud\isecfastprint\trunk\sourcecode\isecmodulehost\debug\isecmodulehost.tlog\link.command.1.tlog
d:\work-cloud\isecfastprint\trunk\sourcecode\isecmodulehost\debug\isecmodulehost.tlog\link.read.1.tlog
d:\work-cloud\isecfastprint\trunk\sourcecode\isecmodulehost\debug\isecmodulehost.tlog\link.write.1.tlog
d:\work-cloud\isecfastprint\trunk\sourcecode\isecmodulehost\debug\isecmodulehost.tlog\rc.command.1.tlog
d:\work-cloud\isecfastprint\trunk\sourcecode\isecmodulehost\debug\isecmodulehost.tlog\rc.read.1.tlog
d:\work-cloud\isecfastprint\trunk\sourcecode\isecmodulehost\debug\isecmodulehost.tlog\rc.write.1.tlog
